[debug] [2019-09-24T22:20:23.674Z] ----------------------------------------------------------------------
[debug] [2019-09-24T22:20:23.677Z] Command:       /home/zetos/.nvm/versions/node/v12.10.0/bin/node /home/zetos/.nvm/versions/node/v12.10.0/bin/firebase deploy
[debug] [2019-09-24T22:20:23.677Z] CLI Version:   7.3.2
[debug] [2019-09-24T22:20:23.677Z] Platform:      linux
[debug] [2019-09-24T22:20:23.677Z] Node Version:  v12.10.0
[debug] [2019-09-24T22:20:23.678Z] Time:          Tue Sep 24 2019 19:20:23 GMT-0300 (Brasilia Standard Time)
[debug] [2019-09-24T22:20:23.678Z] ----------------------------------------------------------------------
[debug] 
[debug] [2019-09-24T22:20:23.702Z] > command requires scopes: ["email","openid","https://www.googleapis.com/auth/cloudplatformprojects.readonly","https://www.googleapis.com/auth/firebase","https://www.googleapis.com/auth/cloud-platform"]
[debug] [2019-09-24T22:20:23.703Z] > authorizing via signed-in user
[debug] [2019-09-24T22:20:23.703Z] [iam] checking project vue-geo-chat-d5c8e for permissions ["datastore.indexes.create","datastore.indexes.delete","datastore.indexes.list","datastore.indexes.update","firebase.projects.get","firebasehosting.sites.update"]
[debug] [2019-09-24T22:20:23.705Z] >>> HTTP REQUEST POST https://cloudresourcemanager.googleapis.com/v1/projects/vue-geo-chat-d5c8e:testIamPermissions  

[debug] [2019-09-24T22:20:24.677Z] <<< HTTP RESPONSE 200
[debug] [2019-09-24T22:20:24.684Z] >>> HTTP REQUEST GET https://firebase.googleapis.com/v1beta1/projects/vue-geo-chat-d5c8e  
 
[debug] [2019-09-24T22:20:25.884Z] <<< HTTP RESPONSE 200
[info] 
[info] === Deploying to 'vue-geo-chat-d5c8e'...
[info] 
[info] i  deploying firestore, hosting
[info] i  firestore: checking firestore.rules for compilation errors...
[info] i  firestore: reading indexes from firestore.indexes.json...
[debug] [2019-09-24T22:20:25.920Z] >>> HTTP REQUEST POST https://firebaserules.googleapis.com/v1/projects/vue-geo-chat-d5c8e:test  

[debug] [2019-09-24T22:20:27.007Z] <<< HTTP RESPONSE 200
[info] ✔  firestore: rules file firestore.rules compiled successfully
[debug] [2019-09-24T22:20:27.010Z] >>> HTTP REQUEST POST https://firebasehosting.googleapis.com/v1beta1/sites/vue-geo-chat-d5c8e/versions  

[debug] [2019-09-24T22:20:29.787Z] <<< HTTP RESPONSE 200
[info] i  firestore: uploading rules firestore.rules...
[debug] [2019-09-24T22:20:29.799Z] >>> HTTP REQUEST POST https://firebaserules.googleapis.com/v1/projects/vue-geo-chat-d5c8e/rulesets  

[debug] [2019-09-24T22:20:29.801Z] >>> HTTP REQUEST GET https://firestore.googleapis.com/v1beta2/projects/vue-geo-chat-d5c8e/databases/(default)/collectionGroups/-/indexes  
 
[debug] [2019-09-24T22:20:30.824Z] <<< HTTP RESPONSE 200
[debug] [2019-09-24T22:20:30.825Z] >>> HTTP REQUEST GET https://firestore.googleapis.com/v1beta2/projects/vue-geo-chat-d5c8e/databases/(default)/collectionGroups/-/fields?filter=indexConfig.usesAncestorConfig=false  
 
[debug] [2019-09-24T22:20:30.888Z] <<< HTTP RESPONSE 200
[debug] [2019-09-24T22:20:30.889Z] [rules] created ruleset projects/vue-geo-chat-d5c8e/rulesets/aae154fc-aca2-4e3b-870e-b7e1a838d04e
